2026-02-18 21:58:08,982 - INFO - Initializing Step 1: Data Extraction & Matching Pipeline
2026-02-18 21:58:08,982 - INFO - Starting Polymarket Gamma API extraction (MOCK)...
2026-02-18 21:58:09,016 - INFO - Loading sportsbook data from data/raw/kaggle_nba_moneylines.csv...
2026-02-18 21:58:09,020 - INFO - Executing RapidFuzz matching logic...
2026-02-18 21:58:09,047 - INFO - Applying strict 90% similarity threshold...
2026-02-18 21:58:09,048 - INFO - Generating manual review flags and 5% audit logs...
2026-02-18 21:58:09,051 - INFO - Synchronizing temporal data (T-minus 1 hour)...
2026-02-18 21:58:09,055 - INFO - Pipeline complete. Master dataset saved to data/processed/master_events.csv with 0 synchronized events.
2026-02-18 22:00:42,315 - INFO - Initializing Step 1: Data Extraction & Matching Pipeline
2026-02-18 22:00:42,316 - INFO - Starting Polymarket Gamma API extraction (MOCK)...
2026-02-18 22:00:42,324 - INFO - Loading sportsbook data from data/raw/kaggle_nba_moneylines.csv...
2026-02-18 22:00:42,330 - INFO - Executing RapidFuzz matching logic...
2026-02-18 22:00:42,340 - INFO - Applying strict 90% similarity threshold...
2026-02-18 22:00:42,350 - INFO - Generating manual review flags and 5% audit logs...
2026-02-18 22:00:42,357 - INFO - Synchronizing temporal data (T-minus 1 hour)...
2026-02-18 22:00:42,363 - INFO - Pipeline complete. Master dataset saved to data/processed/master_events.csv with 1 synchronized events.
2026-02-18 22:10:42,293 - INFO - Initializing Step 1: Data Extraction & Matching Pipeline
2026-02-18 22:10:42,293 - INFO - Starting production Polymarket Gamma API extraction...
2026-02-18 22:10:43,083 - INFO - Fetched page at offset 0...
2026-02-18 22:10:44,794 - INFO - Fetched page at offset 100...
2026-02-18 22:10:46,794 - INFO - Fetched page at offset 200...
2026-02-18 22:10:48,635 - INFO - Fetched page at offset 300...
2026-02-18 22:10:50,091 - INFO - Fetched page at offset 400...
2026-02-18 22:10:50,597 - INFO - Test limit reached (5 pages). Stopping extraction.
2026-02-18 22:10:50,597 - INFO - Successfully extracted 500 historical events from Polymarket.
2026-02-18 22:10:50,611 - INFO - Loading sportsbook data from data/raw/nba_2008-2025.csv...
2026-02-18 22:10:50,670 - INFO - Executing RapidFuzz matching logic...
2026-02-18 22:10:53,107 - INFO - Applying strict 90% similarity threshold...
2026-02-18 22:10:53,107 - INFO - Generating manual review flags and 5% audit logs...
2026-02-18 22:10:53,115 - INFO - Synchronizing temporal data (T-minus 1 hour)...
2026-02-18 22:10:53,127 - INFO - Pipeline complete. Master dataset saved to data/processed/master_events.csv with 0 synchronized events.
2026-02-18 22:13:55,413 - INFO - Initializing Step 1: Data Extraction & Matching Pipeline
2026-02-18 22:13:55,413 - INFO - Starting production Polymarket Gamma API extraction...
2026-02-18 22:13:56,180 - INFO - Fetched page at offset 0...
2026-02-18 22:13:57,902 - INFO - Fetched page at offset 100...
2026-02-18 22:13:59,550 - INFO - Fetched page at offset 200...
2026-02-18 22:14:01,325 - INFO - Fetched page at offset 300...
2026-02-18 22:14:02,729 - INFO - Fetched page at offset 400...
2026-02-18 22:14:04,878 - INFO - Fetched page at offset 500...
2026-02-18 22:14:06,687 - INFO - Fetched page at offset 600...
2026-02-18 22:14:08,710 - INFO - Fetched page at offset 700...
2026-02-18 22:14:10,665 - INFO - Fetched page at offset 800...
2026-02-18 22:14:11,483 - INFO - Successfully extracted 888 historical events from Polymarket.
2026-02-18 22:14:11,491 - INFO - Loading sportsbook data from data/raw/nba_2008-2025.csv...
2026-02-18 22:14:11,538 - INFO - Executing RapidFuzz matching logic...
2026-02-18 22:14:15,661 - INFO - Applying strict 90% similarity threshold...
2026-02-18 22:14:15,663 - INFO - Generating manual review flags and 5% audit logs...
2026-02-18 22:14:15,671 - INFO - Synchronizing temporal data (T-minus 1 hour)...
2026-02-18 22:14:15,711 - INFO - Pipeline complete. Master dataset saved to data/processed/master_events.csv with 0 synchronized events.
2026-02-18 22:16:54,576 - INFO - Initializing Step 1: Data Extraction & Matching Pipeline
2026-02-18 22:16:54,576 - INFO - Starting production Polymarket Gamma API extraction...
2026-02-18 22:16:55,090 - INFO - Fetched page at offset 0...
2026-02-18 22:16:56,897 - INFO - Fetched page at offset 100...
2026-02-18 22:16:58,780 - INFO - Fetched page at offset 200...
2026-02-18 22:17:00,163 - INFO - Fetched page at offset 300...
2026-02-18 22:17:01,929 - INFO - Fetched page at offset 400...
2026-02-18 22:17:03,862 - INFO - Fetched page at offset 500...
2026-02-18 22:17:05,795 - INFO - Fetched page at offset 600...
2026-02-18 22:17:08,141 - INFO - Fetched page at offset 700...
2026-02-18 22:17:10,366 - INFO - Fetched page at offset 800...
2026-02-18 22:17:11,278 - INFO - Successfully extracted 888 historical events from Polymarket.
2026-02-18 22:17:11,286 - INFO - Loading sportsbook data from data/raw/nba_2008-2025.csv...
2026-02-18 22:17:11,375 - INFO - Executing RapidFuzz matching logic...
2026-02-18 22:17:14,743 - INFO - Applying strict 90% similarity threshold...
2026-02-18 22:17:14,744 - INFO - Generating manual review flags and 5% audit logs...
2026-02-18 22:17:14,755 - INFO - Synchronizing temporal data (T-minus 1 hour)...
2026-02-18 22:17:14,780 - INFO - Applying No-Vig Fair Probability calculations...
2026-02-18 22:17:14,786 - INFO - Pipeline complete. Master dataset saved to data/processed/master_events.csv with 0 synchronized events.
